# JRE version: 7.0_05-b06
# Java VM: Java HotSpot(TM) 64-Bit Server VM (23.1-b03 mixed mode linux-amd64 compressed oops)
Heap
 PSYoungGen      total 65152K, used 58632K [0x00000000ebc00000, 0x00000000f42b0000, 0x0000000100000000)
  eden space 57024K, 88% used [0x00000000ebc00000,0x00000000eed52bf0,0x00000000ef3b0000)
  from space 8128K, 99% used [0x00000000f3ac0000,0x00000000f42af520,0x00000000f42b0000)
  to   space 17216K, 0% used [0x00000000f2110000,0x00000000f2110000,0x00000000f31e0000)
 ParOldGen       total 61696K, used 29126K [0x00000000c3400000, 0x00000000c7040000, 0x00000000ebc00000)
  object space 61696K, 47% used [0x00000000c3400000,0x00000000c5071ad0,0x00000000c7040000)
 PSPermGen       total 35264K, used 23358K [0x00000000be200000, 0x00000000c0470000, 0x00000000c3400000)
  object space 35264K, 66% used [0x00000000be200000,0x00000000bf8cfad0,0x00000000c0470000)
GC Heap History (10 events):
Event: 45.889 GC heap before
{Heap before GC invocations=5 (full 0):
 PSYoungGen      total 33664K, used 33632K [0x00000000ebc00000, 0x00000000edf60000, 0x0000000100000000)
  eden space 31104K, 100% used [0x00000000ebc00000,0x00000000eda60000,0x00000000eda60000)
  from space 2560K, 98% used [0x00000000edce0000,0x00000000edf58210,0x00000000edf60000)
  to   space 2560K, 0% used [0x00000000eda60000,0x00000000eda60000,0x00000000edce0000)
 ParOldGen       total 41472K, used 11745K [0x00000000c3400000, 0x00000000c5c80000, 0x00000000ebc00000)
  object space 41472K, 28% used [0x00000000c3400000,0x00000000c3f784f0,0x00000000c5c80000)
 PSPermGen       total 21248K, used 17479K [0x00000000be200000, 0x00000000bf6c0000, 0x00000000c3400000)
  object space 21248K, 82% used [0x00000000be200000,0x00000000bf311eb0,0x00000000bf6c0000)
Event: 45.904 GC heap after
Heap after GC invocations=5 (full 0):
 PSYoungGen      total 33664K, used 2528K [0x00000000ebc00000, 0x00000000f1ca0000, 0x0000000100000000)
  eden space 31104K, 0% used [0x00000000ebc00000,0x00000000ebc00000,0x00000000eda60000)
  from space 2560K, 98% used [0x00000000eda60000,0x00000000edcd8020,0x00000000edce0000)
  to   space 18368K, 0% used [0x00000000f0ab0000,0x00000000f0ab0000,0x00000000f1ca0000)
 ParOldGen       total 41472K, used 31306K [0x00000000c3400000, 0x00000000c5c80000, 0x00000000ebc00000)
  object space 41472K, 75% used [0x00000000c3400000,0x00000000c5292a30,0x00000000c5c80000)
 PSPermGen       total 21248K, used 17479K [0x00000000be200000, 0x00000000bf6c0000, 0x00000000c3400000)
  object space 21248K, 82% used [0x00000000be200000,0x00000000bf311eb0,0x00000000bf6c0000)
}
Event: 45.904 GC heap before
{Heap before GC invocations=6 (full 1):
 PSYoungGen      total 33664K, used 2528K [0x00000000ebc00000, 0x00000000f1ca0000, 0x0000000100000000)
  eden space 31104K, 0% used [0x00000000ebc00000,0x00000000ebc00000,0x00000000eda60000)
  from space 2560K, 98% used [0x00000000eda60000,0x00000000edcd8020,0x00000000edce0000)
  to   space 18368K, 0% used [0x00000000f0ab0000,0x00000000f0ab0000,0x00000000f1ca0000)
 ParOldGen       total 41472K, used 31306K [0x00000000c3400000, 0x00000000c5c80000, 0x00000000ebc00000)
  object space 41472K, 75% used [0x00000000c3400000,0x00000000c5292a30,0x00000000c5c80000)
 PSPermGen       total 21248K, used 17479K [0x00000000be200000, 0x00000000bf6c0000, 0x00000000c3400000)
  object space 21248K, 82% used [0x00000000be200000,0x00000000bf311eb0,0x00000000bf6c0000)
Event: 45.984 GC heap after
Heap after GC invocations=6 (full 1):
 PSYoungGen      total 33664K, used 0K [0x00000000ebc00000, 0x00000000f1ca0000, 0x0000000100000000)
  eden space 31104K, 0% used [0x00000000ebc00000,0x00000000ebc00000,0x00000000eda60000)
  from space 2560K, 0% used [0x00000000eda60000,0x00000000eda60000,0x00000000edce0000)
  to   space 18368K, 0% used [0x00000000f0ab0000,0x00000000f0ab0000,0x00000000f1ca0000)
 ParOldGen       total 61696K, used 29118K [0x00000000c3400000, 0x00000000c7040000, 0x00000000ebc00000)
  object space 61696K, 47% used [0x00000000c3400000,0x00000000c506fad0,0x00000000c7040000)
 PSPermGen       total 35264K, used 17473K [0x00000000be200000, 0x00000000c0470000, 0x00000000c3400000)
  object space 35264K, 49% used [0x00000000be200000,0x00000000bf310760,0x00000000c0470000)
}
Event: 7523.397 GC heap before
{Heap before GC invocations=7 (full 1):
 PSYoungGen      total 33664K, used 31104K [0x00000000ebc00000, 0x00000000f1ca0000, 0x0000000100000000)
  eden space 31104K, 100% used [0x00000000ebc00000,0x00000000eda60000,0x00000000eda60000)
  from space 2560K, 0% used [0x00000000eda60000,0x00000000eda60000,0x00000000edce0000)
  to   space 18368K, 0% used [0x00000000f0ab0000,0x00000000f0ab0000,0x00000000f1ca0000)
 ParOldGen       total 61696K, used 29118K [0x00000000c3400000, 0x00000000c7040000, 0x00000000ebc00000)
  object space 61696K, 47% used [0x00000000c3400000,0x00000000c506fad0,0x00000000c7040000)
 PSPermGen       total 35264K, used 19089K [0x00000000be200000, 0x00000000c0470000, 0x00000000c3400000)
  object space 35264K, 54% used [0x00000000be200000,0x00000000bf4a4568,0x00000000c0470000)
Event: 7523.411 GC heap after
Heap after GC invocations=7 (full 1):
 PSYoungGen      total 74048K, used 4188K [0x00000000ebc00000, 0x00000000f1910000, 0x0000000100000000)
  eden space 59328K, 0% used [0x00000000ebc00000,0x00000000ebc00000,0x00000000ef5f0000)
  from space 14720K, 28% used [0x00000000f0ab0000,0x00000000f0ec70e0,0x00000000f1910000)
  to   space 17984K, 0% used [0x00000000ef5f0000,0x00000000ef5f0000,0x00000000f0780000)
 ParOldGen       total 61696K, used 29118K [0x00000000c3400000, 0x00000000c7040000, 0x00000000ebc00000)
  object space 61696K, 47% used [0x00000000c3400000,0x00000000c506fad0,0x00000000c7040000)
 PSPermGen       total 35264K, used 19089K [0x00000000be200000, 0x00000000c0470000, 0x00000000c3400000)
  object space 35264K, 54% used [0x00000000be200000,0x00000000bf4a4568,0x00000000c0470000)
}
Event: 7900.369 GC heap before
{Heap before GC invocations=8 (full 1):
 PSYoungGen      total 74048K, used 63516K [0x00000000ebc00000, 0x00000000f1910000, 0x0000000100000000)
  eden space 59328K, 100% used [0x00000000ebc00000,0x00000000ef5f0000,0x00000000ef5f0000)
  from space 14720K, 28% used [0x00000000f0ab0000,0x00000000f0ec70e0,0x00000000f1910000)
  to   space 17984K, 0% used [0x00000000ef5f0000,0x00000000ef5f0000,0x00000000f0780000)
 ParOldGen       total 61696K, used 29118K [0x00000000c3400000, 0x00000000c7040000, 0x00000000ebc00000)
  object space 61696K, 47% used [0x00000000c3400000,0x00000000c506fad0,0x00000000c7040000)
 PSPermGen       total 35264K, used 23066K [0x00000000be200000, 0x00000000c0470000, 0x00000000c3400000)
  object space 35264K, 65% used [0x00000000be200000,0x00000000bf8868b0,0x00000000c0470000)
Event: 7900.408 GC heap after
Heap after GC invocations=8 (full 1):
 PSYoungGen      total 77312K, used 11488K [0x00000000ebc00000, 0x00000000f4ca0000, 0x0000000100000000)
  eden space 59328K, 0% used [0x00000000ebc00000,0x00000000ebc00000,0x00000000ef5f0000)
  from space 17984K, 63% used [0x00000000ef5f0000,0x00000000f0128248,0x00000000f0780000)
  to   space 18304K, 0% used [0x00000000f3ac0000,0x00000000f3ac0000,0x00000000f4ca0000)
 ParOldGen       total 61696K, used 29126K [0x00000000c3400000, 0x00000000c7040000, 0x00000000ebc00000)
  object space 61696K, 47% used [0x00000000c3400000,0x00000000c5071ad0,0x00000000c7040000)
 PSPermGen       total 35264K, used 23066K [0x00000000be200000, 0x00000000c0470000, 0x00000000c3400000)
  object space 35264K, 65% used [0x00000000be200000,0x00000000bf8868b0,0x00000000c0470000)
}
Event: 9751.467 GC heap before
{Heap before GC invocations=9 (full 1):
 PSYoungGen      total 77312K, used 70816K [0x00000000ebc00000, 0x00000000f4ca0000, 0x0000000100000000)
  eden space 59328K, 100% used [0x00000000ebc00000,0x00000000ef5f0000,0x00000000ef5f0000)
  from space 17984K, 63% used [0x00000000ef5f0000,0x00000000f0128248,0x00000000f0780000)
  to   space 18304K, 0% used [0x00000000f3ac0000,0x00000000f3ac0000,0x00000000f4ca0000)
 ParOldGen       total 61696K, used 29126K [0x00000000c3400000, 0x00000000c7040000, 0x00000000ebc00000)
  object space 61696K, 47% used [0x00000000c3400000,0x00000000c5071ad0,0x00000000c7040000)
 PSPermGen       total 35264K, used 23296K [0x00000000be200000, 0x00000000c0470000, 0x00000000c3400000)
  object space 35264K, 66% used [0x00000000be200000,0x00000000bf8c0390,0x00000000c0470000)
Event: 9751.483 GC heap after
Heap after GC invocations=9 (full 1):
 PSYoungGen      total 65152K, used 8125K [0x00000000ebc00000, 0x00000000f42b0000, 0x0000000100000000)
  eden space 57024K, 0% used [0x00000000ebc00000,0x00000000ebc00000,0x00000000ef3b0000)
  from space 8128K, 99% used [0x00000000f3ac0000,0x00000000f42af520,0x00000000f42b0000)
  to   space 17216K, 0% used [0x00000000f2110000,0x00000000f2110000,0x00000000f31e0000)
 ParOldGen       total 61696K, used 29126K [0x00000000c3400000, 0x00000000c7040000, 0x00000000ebc00000)
  object space 61696K, 47% used [0x00000000c3400000,0x00000000c5071ad0,0x00000000c7040000)
 PSPermGen       total 35264K, used 23296K [0x00000000be200000, 0x00000000c0470000, 0x00000000c3400000)
  object space 35264K, 66% used [0x00000000be200000,0x00000000bf8c0390,0x00000000c0470000)
}

